[0.215s] DEBUG:colcon:Command line arguments: ['/usr/bin/colcon', 'build']
[0.215s] DEBUG:colcon:Parsed command line arguments: Namespace(log_base=None, log_level=None, verb_name='build', build_base='build', install_base='install', merge_install=False, symlink_install=False, test_result_base=None, continue_on_error=False, executor='parallel', parallel_workers=8, event_handlers=None, ignore_user_meta=False, metas=['./colcon.meta'], base_paths=['.'], packages_ignore=None, packages_ignore_regex=None, paths=None, packages_up_to=None, packages_up_to_regex=None, packages_above=None, packages_above_and_dependencies=None, packages_above_depth=None, packages_select_by_dep=None, packages_skip_by_dep=None, packages_skip_up_to=None, packages_select_build_failed=False, packages_skip_build_finished=False, packages_select_test_failures=False, packages_skip_test_passed=False, packages_select=None, packages_skip=None, packages_select_regex=None, packages_skip_regex=None, packages_start=None, packages_end=None, allow_overriding=[], cmake_args=None, cmake_target=None, cmake_target_skip_unavailable=False, cmake_clean_cache=False, cmake_clean_first=False, cmake_force_configure=False, ament_cmake_args=None, catkin_cmake_args=None, catkin_skip_building_tests=False, mixin_files=None, mixin=None, verb_parser=<colcon_mixin.mixin.mixin_argument.MixinArgumentDecorator object at 0xffff8c1a1c30>, verb_extension=<colcon_core.verb.build.BuildVerb object at 0xffff8c39fb80>, main=<bound method BuildVerb.main of <colcon_core.verb.build.BuildVerb object at 0xffff8c39fb80>>, mixin_verb=('build',))
[0.538s] Level 1:colcon.colcon_core.package_discovery:discover_packages(colcon_meta) check parameters
[0.539s] Level 1:colcon.colcon_core.package_discovery:discover_packages(recursive) check parameters
[0.539s] Level 1:colcon.colcon_core.package_discovery:discover_packages(ignore) check parameters
[0.539s] Level 1:colcon.colcon_core.package_discovery:discover_packages(path) check parameters
[0.539s] Level 1:colcon.colcon_core.package_discovery:discover_packages(colcon_meta) discover
[0.539s] Level 1:colcon.colcon_core.package_discovery:discover_packages(recursive) discover
[0.539s] INFO:colcon.colcon_core.package_discovery:Crawling recursively for packages in '/home/user/Documents/dev/internal_ros_ws/src/sync_data'
[0.539s] Level 1:colcon.colcon_core.package_identification:_identify(.) by extensions ['ignore', 'ignore_ament_install']
[0.539s] Level 1:colcon.colcon_core.package_identification:_identify(.) by extension 'ignore'
[0.540s] Level 1:colcon.colcon_core.package_identification:_identify(.) by extension 'ignore_ament_install'
[0.540s] Level 1:colcon.colcon_core.package_identification:_identify(.) by extensions ['colcon_pkg']
[0.540s] Level 1:colcon.colcon_core.package_identification:_identify(.) by extension 'colcon_pkg'
[0.540s] Level 1:colcon.colcon_core.package_identification:_identify(.) by extensions ['colcon_meta']
[0.540s] Level 1:colcon.colcon_core.package_identification:_identify(.) by extension 'colcon_meta'
[0.540s] Level 1:colcon.colcon_core.package_identification:_identify(.) by extensions ['ros']
[0.540s] Level 1:colcon.colcon_core.package_identification:_identify(.) by extension 'ros'
[0.563s] DEBUG:colcon.colcon_core.package_identification:Package '.' with type 'ros.ament_python' and name 'debug_tool'
[0.563s] Level 1:colcon.colcon_core.package_discovery:discover_packages(recursive) using defaults
[0.563s] Level 1:colcon.colcon_core.package_discovery:discover_packages(ignore) discover
[0.563s] Level 1:colcon.colcon_core.package_discovery:discover_packages(ignore) using defaults
[0.563s] Level 1:colcon.colcon_core.package_discovery:discover_packages(path) discover
[0.563s] Level 1:colcon.colcon_core.package_discovery:discover_packages(path) using defaults
[0.636s] Level 1:colcon.colcon_core.package_discovery:discover_packages(prefix_path) check parameters
[0.636s] Level 1:colcon.colcon_core.package_discovery:discover_packages(prefix_path) discover
[0.644s] DEBUG:colcon.colcon_installed_package_information.package_discovery:Found 1 installed packages in /home/user/Documents/dev/internal_ros_ws/src/sync_data/install
[0.646s] DEBUG:colcon.colcon_installed_package_information.package_discovery:Found 41 installed packages in /home/user/Documents/dev/internal_ros_ws/install
[0.649s] DEBUG:colcon.colcon_installed_package_information.package_discovery:Found 14 installed packages in /home/user/Documents/dev/test/terra-vision/terra-ros2/install
[0.650s] DEBUG:colcon.colcon_installed_package_information.package_discovery:Found 9 installed packages in /home/user/Documents/dev/terra-vision/terra-ros2/install
[0.653s] DEBUG:colcon.colcon_installed_package_information.package_discovery:Found 345 installed packages in /opt/ros/humble
[0.655s] Level 1:colcon.colcon_core.package_discovery:discover_packages(prefix_path) using defaults
[0.738s] Level 5:colcon.colcon_core.verb:set package 'debug_tool' build argument 'cmake_args' from command line to 'None'
[0.738s] Level 5:colcon.colcon_core.verb:set package 'debug_tool' build argument 'cmake_target' from command line to 'None'
[0.738s] Level 5:colcon.colcon_core.verb:set package 'debug_tool' build argument 'cmake_target_skip_unavailable' from command line to 'False'
[0.738s] Level 5:colcon.colcon_core.verb:set package 'debug_tool' build argument 'cmake_clean_cache' from command line to 'False'
[0.739s] Level 5:colcon.colcon_core.verb:set package 'debug_tool' build argument 'cmake_clean_first' from command line to 'False'
[0.739s] Level 5:colcon.colcon_core.verb:set package 'debug_tool' build argument 'cmake_force_configure' from command line to 'False'
[0.739s] Level 5:colcon.colcon_core.verb:set package 'debug_tool' build argument 'ament_cmake_args' from command line to 'None'
[0.739s] Level 5:colcon.colcon_core.verb:set package 'debug_tool' build argument 'catkin_cmake_args' from command line to 'None'
[0.739s] Level 5:colcon.colcon_core.verb:set package 'debug_tool' build argument 'catkin_skip_building_tests' from command line to 'False'
[0.739s] DEBUG:colcon.colcon_core.verb:Building package 'debug_tool' with the following arguments: {'ament_cmake_args': None, 'build_base': '/home/user/Documents/dev/internal_ros_ws/src/sync_data/build/debug_tool', 'catkin_cmake_args': None, 'catkin_skip_building_tests': False, 'cmake_args': None, 'cmake_clean_cache': False, 'cmake_clean_first': False, 'cmake_force_configure': False, 'cmake_target': None, 'cmake_target_skip_unavailable': False, 'install_base': '/home/user/Documents/dev/internal_ros_ws/src/sync_data/install/debug_tool', 'merge_install': False, 'path': '/home/user/Documents/dev/internal_ros_ws/src/sync_data', 'symlink_install': False, 'test_result_base': None}
[0.739s] INFO:colcon.colcon_core.executor:Executing jobs using 'parallel' executor
[0.741s] DEBUG:colcon.colcon_parallel_executor.executor.parallel:run_until_complete
[0.742s] INFO:colcon.colcon_ros.task.ament_python.build:Building ROS package in '/home/user/Documents/dev/internal_ros_ws/src/sync_data' with build type 'ament_python'
[0.742s] Level 1:colcon.colcon_core.shell:create_environment_hook('debug_tool', 'ament_prefix_path')
[0.746s] INFO:colcon.colcon_core.plugin_system:Skipping extension 'colcon_core.shell.bat': Not used on non-Windows systems
[0.746s] INFO:colcon.colcon_core.shell:Creating environment hook '/home/user/Documents/dev/internal_ros_ws/src/sync_data/install/debug_tool/share/debug_tool/hook/ament_prefix_path.ps1'
[0.748s] INFO:colcon.colcon_core.shell:Creating environment descriptor '/home/user/Documents/dev/internal_ros_ws/src/sync_data/install/debug_tool/share/debug_tool/hook/ament_prefix_path.dsv'
[0.749s] INFO:colcon.colcon_core.shell:Creating environment hook '/home/user/Documents/dev/internal_ros_ws/src/sync_data/install/debug_tool/share/debug_tool/hook/ament_prefix_path.sh'
[0.750s] INFO:colcon.colcon_core.shell:Skip shell extension 'powershell' for command environment: Not usable outside of PowerShell
[0.750s] DEBUG:colcon.colcon_core.shell:Skip shell extension 'dsv' for command environment
[1.298s] INFO:colcon.colcon_core.task.python.build:Building Python package in '/home/user/Documents/dev/internal_ros_ws/src/sync_data'
[1.299s] INFO:colcon.colcon_core.shell:Skip shell extension 'powershell' for command environment: Not usable outside of PowerShell
[1.299s] DEBUG:colcon.colcon_core.shell:Skip shell extension 'dsv' for command environment
[2.092s] DEBUG:colcon.colcon_core.event_handler.log_command:Invoking command in '/home/user/Documents/dev/internal_ros_ws/src/sync_data': PYTHONPATH=/home/user/Documents/dev/internal_ros_ws/src/sync_data/build/debug_tool/prefix_override:/usr/lib/python3/dist-packages/colcon_core/task/python/colcon_distutils_commands:/home/user/Documents/dev/internal_ros_ws/src/sync_data/install/debug_tool/lib/python3.10/site-packages:${PYTHONPATH} /usr/bin/python3 -W ignore:setup.py install is deprecated -W ignore:easy_install command is deprecated setup.py egg_info --egg-base build/debug_tool build --build-base /home/user/Documents/dev/internal_ros_ws/src/sync_data/build/debug_tool/build install --record /home/user/Documents/dev/internal_ros_ws/src/sync_data/build/debug_tool/install.log --single-version-externally-managed install_data
[2.711s] DEBUG:colcon.colcon_core.event_handler.log_command:Invoked command in '/home/user/Documents/dev/internal_ros_ws/src/sync_data' returned '0': PYTHONPATH=/home/user/Documents/dev/internal_ros_ws/src/sync_data/build/debug_tool/prefix_override:/usr/lib/python3/dist-packages/colcon_core/task/python/colcon_distutils_commands:/home/user/Documents/dev/internal_ros_ws/src/sync_data/install/debug_tool/lib/python3.10/site-packages:${PYTHONPATH} /usr/bin/python3 -W ignore:setup.py install is deprecated -W ignore:easy_install command is deprecated setup.py egg_info --egg-base build/debug_tool build --build-base /home/user/Documents/dev/internal_ros_ws/src/sync_data/build/debug_tool/build install --record /home/user/Documents/dev/internal_ros_ws/src/sync_data/build/debug_tool/install.log --single-version-externally-managed install_data
[2.716s] Level 1:colcon.colcon_core.environment:checking '/home/user/Documents/dev/internal_ros_ws/src/sync_data/install/debug_tool' for CMake module files
[2.717s] Level 1:colcon.colcon_core.environment:checking '/home/user/Documents/dev/internal_ros_ws/src/sync_data/install/debug_tool' for CMake config files
[2.718s] Level 1:colcon.colcon_core.environment:checking '/home/user/Documents/dev/internal_ros_ws/src/sync_data/install/debug_tool/lib'
[2.718s] Level 1:colcon.colcon_core.environment:checking '/home/user/Documents/dev/internal_ros_ws/src/sync_data/install/debug_tool/bin'
[2.718s] Level 1:colcon.colcon_core.environment:checking '/home/user/Documents/dev/internal_ros_ws/src/sync_data/install/debug_tool/lib/pkgconfig/debug_tool.pc'
[2.719s] Level 1:colcon.colcon_core.environment:checking '/home/user/Documents/dev/internal_ros_ws/src/sync_data/install/debug_tool/lib/python3.10/site-packages'
[2.719s] Level 1:colcon.colcon_core.shell:create_environment_hook('debug_tool', 'pythonpath')
[2.719s] INFO:colcon.colcon_core.shell:Creating environment hook '/home/user/Documents/dev/internal_ros_ws/src/sync_data/install/debug_tool/share/debug_tool/hook/pythonpath.ps1'
[2.720s] INFO:colcon.colcon_core.shell:Creating environment descriptor '/home/user/Documents/dev/internal_ros_ws/src/sync_data/install/debug_tool/share/debug_tool/hook/pythonpath.dsv'
[2.721s] INFO:colcon.colcon_core.shell:Creating environment hook '/home/user/Documents/dev/internal_ros_ws/src/sync_data/install/debug_tool/share/debug_tool/hook/pythonpath.sh'
[2.722s] Level 1:colcon.colcon_core.environment:checking '/home/user/Documents/dev/internal_ros_ws/src/sync_data/install/debug_tool/bin'
[2.722s] Level 1:colcon.colcon_core.environment:create_environment_scripts_only(debug_tool)
[2.722s] INFO:colcon.colcon_core.shell:Creating package script '/home/user/Documents/dev/internal_ros_ws/src/sync_data/install/debug_tool/share/debug_tool/package.ps1'
[2.723s] INFO:colcon.colcon_core.shell:Creating package descriptor '/home/user/Documents/dev/internal_ros_ws/src/sync_data/install/debug_tool/share/debug_tool/package.dsv'
[2.724s] INFO:colcon.colcon_core.shell:Creating package script '/home/user/Documents/dev/internal_ros_ws/src/sync_data/install/debug_tool/share/debug_tool/package.sh'
[2.725s] INFO:colcon.colcon_core.shell:Creating package script '/home/user/Documents/dev/internal_ros_ws/src/sync_data/install/debug_tool/share/debug_tool/package.bash'
[2.727s] INFO:colcon.colcon_core.shell:Creating package script '/home/user/Documents/dev/internal_ros_ws/src/sync_data/install/debug_tool/share/debug_tool/package.zsh'
[2.728s] Level 1:colcon.colcon_core.environment:create_file_with_runtime_dependencies(/home/user/Documents/dev/internal_ros_ws/src/sync_data/install/debug_tool/share/colcon-core/packages/debug_tool)
[2.728s] DEBUG:colcon.colcon_parallel_executor.executor.parallel:closing loop
[2.729s] DEBUG:colcon.colcon_parallel_executor.executor.parallel:loop closed
[2.729s] DEBUG:colcon.colcon_parallel_executor.executor.parallel:run_until_complete finished with '0'
[2.729s] DEBUG:colcon.colcon_core.event_reactor:joining thread
[2.741s] INFO:colcon.colcon_core.plugin_system:Skipping extension 'colcon_notification.desktop_notification.terminal_notifier': Not used on non-Darwin systems
[2.741s] INFO:colcon.colcon_core.plugin_system:Skipping extension 'colcon_notification.desktop_notification.win32': Not used on non-Windows systems
[2.741s] INFO:colcon.colcon_notification.desktop_notification:Sending desktop notification using 'notify2'
[2.771s] DEBUG:colcon.colcon_core.event_reactor:joined thread
[2.772s] INFO:colcon.colcon_core.shell:Creating prefix script '/home/user/Documents/dev/internal_ros_ws/src/sync_data/install/local_setup.ps1'
[2.774s] INFO:colcon.colcon_core.shell:Creating prefix util module '/home/user/Documents/dev/internal_ros_ws/src/sync_data/install/_local_setup_util_ps1.py'
[2.776s] INFO:colcon.colcon_core.shell:Creating prefix chain script '/home/user/Documents/dev/internal_ros_ws/src/sync_data/install/setup.ps1'
[2.783s] INFO:colcon.colcon_core.shell:Creating prefix script '/home/user/Documents/dev/internal_ros_ws/src/sync_data/install/local_setup.sh'
[2.784s] INFO:colcon.colcon_core.shell:Creating prefix util module '/home/user/Documents/dev/internal_ros_ws/src/sync_data/install/_local_setup_util_sh.py'
[2.785s] INFO:colcon.colcon_core.shell:Creating prefix chain script '/home/user/Documents/dev/internal_ros_ws/src/sync_data/install/setup.sh'
[2.791s] INFO:colcon.colcon_core.shell:Creating prefix script '/home/user/Documents/dev/internal_ros_ws/src/sync_data/install/local_setup.bash'
[2.792s] INFO:colcon.colcon_core.shell:Creating prefix chain script '/home/user/Documents/dev/internal_ros_ws/src/sync_data/install/setup.bash'
[2.799s] INFO:colcon.colcon_core.shell:Creating prefix script '/home/user/Documents/dev/internal_ros_ws/src/sync_data/install/local_setup.zsh'
[2.800s] INFO:colcon.colcon_core.shell:Creating prefix chain script '/home/user/Documents/dev/internal_ros_ws/src/sync_data/install/setup.zsh'
