running egg_info
creating build/debug_tool/debug_tool.egg-info
writing build/debug_tool/debug_tool.egg-info/PKG-INFO
writing dependency_links to build/debug_tool/debug_tool.egg-info/dependency_links.txt
writing entry points to build/debug_tool/debug_tool.egg-info/entry_points.txt
writing requirements to build/debug_tool/debug_tool.egg-info/requires.txt
writing top-level names to build/debug_tool/debug_tool.egg-info/top_level.txt
writing manifest file 'build/debug_tool/debug_tool.egg-info/SOURCES.txt'
reading manifest file 'build/debug_tool/debug_tool.egg-info/SOURCES.txt'
writing manifest file 'build/debug_tool/debug_tool.egg-info/SOURCES.txt'
running build
running build_py
creating /home/user/Documents/dev/internal_ros_ws/src/sync_data/build/debug_tool/build
creating /home/user/Documents/dev/internal_ros_ws/src/sync_data/build/debug_tool/build/lib
creating /home/user/Documents/dev/internal_ros_ws/src/sync_data/build/debug_tool/build/lib/debug_tool
copying debug_tool/control_svo_node.py -> /home/user/Documents/dev/internal_ros_ws/src/sync_data/build/debug_tool/build/lib/debug_tool
copying debug_tool/sync_node.py -> /home/user/Documents/dev/internal_ros_ws/src/sync_data/build/debug_tool/build/lib/debug_tool
copying debug_tool/__init__.py -> /home/user/Documents/dev/internal_ros_ws/src/sync_data/build/debug_tool/build/lib/debug_tool
running install
running install_lib
creating /home/user/Documents/dev/internal_ros_ws/src/sync_data/install/debug_tool/lib/python3.10/site-packages/debug_tool
copying /home/user/Documents/dev/internal_ros_ws/src/sync_data/build/debug_tool/build/lib/debug_tool/control_svo_node.py -> /home/user/Documents/dev/internal_ros_ws/src/sync_data/install/debug_tool/lib/python3.10/site-packages/debug_tool
copying /home/user/Documents/dev/internal_ros_ws/src/sync_data/build/debug_tool/build/lib/debug_tool/sync_node.py -> /home/user/Documents/dev/internal_ros_ws/src/sync_data/install/debug_tool/lib/python3.10/site-packages/debug_tool
copying /home/user/Documents/dev/internal_ros_ws/src/sync_data/build/debug_tool/build/lib/debug_tool/__init__.py -> /home/user/Documents/dev/internal_ros_ws/src/sync_data/install/debug_tool/lib/python3.10/site-packages/debug_tool
byte-compiling /home/user/Documents/dev/internal_ros_ws/src/sync_data/install/debug_tool/lib/python3.10/site-packages/debug_tool/control_svo_node.py to control_svo_node.cpython-310.pyc
byte-compiling /home/user/Documents/dev/internal_ros_ws/src/sync_data/install/debug_tool/lib/python3.10/site-packages/debug_tool/sync_node.py to sync_node.cpython-310.pyc
byte-compiling /home/user/Documents/dev/internal_ros_ws/src/sync_data/install/debug_tool/lib/python3.10/site-packages/debug_tool/__init__.py to __init__.cpython-310.pyc
running install_data
creating /home/user/Documents/dev/internal_ros_ws/src/sync_data/install/debug_tool/share/ament_index
creating /home/user/Documents/dev/internal_ros_ws/src/sync_data/install/debug_tool/share/ament_index/resource_index
creating /home/user/Documents/dev/internal_ros_ws/src/sync_data/install/debug_tool/share/ament_index/resource_index/packages
copying resource/debug_tool -> /home/user/Documents/dev/internal_ros_ws/src/sync_data/install/debug_tool/share/ament_index/resource_index/packages
copying package.xml -> /home/user/Documents/dev/internal_ros_ws/src/sync_data/install/debug_tool/share/debug_tool
running install_egg_info
Copying build/debug_tool/debug_tool.egg-info to /home/user/Documents/dev/internal_ros_ws/src/sync_data/install/debug_tool/lib/python3.10/site-packages/debug_tool-1.0-py3.10.egg-info
running install_scripts
Installing control_svo_node script to /home/user/Documents/dev/internal_ros_ws/src/sync_data/install/debug_tool/lib/debug_tool
Installing sync_node script to /home/user/Documents/dev/internal_ros_ws/src/sync_data/install/debug_tool/lib/debug_tool
writing list of installed files to '/home/user/Documents/dev/internal_ros_ws/src/sync_data/build/debug_tool/install.log'
