[1.388s] Invoking command in '/home/user/Documents/dev/internal_ros_ws/src/sync_data': PYTHONPATH=/home/user/Documents/dev/internal_ros_ws/src/sync_data/build/debug_tool/prefix_override:/usr/lib/python3/dist-packages/colcon_core/task/python/colcon_distutils_commands:/home/user/Documents/dev/internal_ros_ws/src/sync_data/install/debug_tool/lib/python3.10/site-packages:${PYTHONPATH} /usr/bin/python3 -W ignore:setup.py install is deprecated -W ignore:easy_install command is deprecated setup.py egg_info --egg-base build/debug_tool build --build-base /home/user/Documents/dev/internal_ros_ws/src/sync_data/build/debug_tool/build install --record /home/user/Documents/dev/internal_ros_ws/src/sync_data/build/debug_tool/install.log --single-version-externally-managed install_data
[1.864s] running egg_info
[1.865s] writing build/debug_tool/debug_tool.egg-info/PKG-INFO
[1.866s] writing dependency_links to build/debug_tool/debug_tool.egg-info/dependency_links.txt
[1.866s] writing entry points to build/debug_tool/debug_tool.egg-info/entry_points.txt
[1.866s] writing requirements to build/debug_tool/debug_tool.egg-info/requires.txt
[1.866s] writing top-level names to build/debug_tool/debug_tool.egg-info/top_level.txt
[1.869s] reading manifest file 'build/debug_tool/debug_tool.egg-info/SOURCES.txt'
[1.871s] writing manifest file 'build/debug_tool/debug_tool.egg-info/SOURCES.txt'
[1.871s] running build
[1.872s] running build_py
[1.872s] copying debug_tool/sync_node.py -> /home/user/Documents/dev/internal_ros_ws/src/sync_data/build/debug_tool/build/lib/debug_tool
[1.872s] running install
[1.873s] running install_lib
[1.875s] copying /home/user/Documents/dev/internal_ros_ws/src/sync_data/build/debug_tool/build/lib/debug_tool/sync_node.py -> /home/user/Documents/dev/internal_ros_ws/src/sync_data/install/debug_tool/lib/python3.10/site-packages/debug_tool
[1.877s] byte-compiling /home/user/Documents/dev/internal_ros_ws/src/sync_data/install/debug_tool/lib/python3.10/site-packages/debug_tool/sync_node.py to sync_node.cpython-310.pyc
[1.881s] running install_data
[1.881s] running install_egg_info
[1.885s] removing '/home/user/Documents/dev/internal_ros_ws/src/sync_data/install/debug_tool/lib/python3.10/site-packages/debug_tool-1.0-py3.10.egg-info' (and everything under it)
[1.886s] Copying build/debug_tool/debug_tool.egg-info to /home/user/Documents/dev/internal_ros_ws/src/sync_data/install/debug_tool/lib/python3.10/site-packages/debug_tool-1.0-py3.10.egg-info
[1.887s] running install_scripts
[1.927s] Installing control_svo_node script to /home/user/Documents/dev/internal_ros_ws/src/sync_data/install/debug_tool/lib/debug_tool
[1.927s] Installing sync_node script to /home/user/Documents/dev/internal_ros_ws/src/sync_data/install/debug_tool/lib/debug_tool
[1.928s] writing list of installed files to '/home/user/Documents/dev/internal_ros_ws/src/sync_data/build/debug_tool/install.log'
[2.000s] Invoked command in '/home/user/Documents/dev/internal_ros_ws/src/sync_data' returned '0': PYTHONPATH=/home/user/Documents/dev/internal_ros_ws/src/sync_data/build/debug_tool/prefix_override:/usr/lib/python3/dist-packages/colcon_core/task/python/colcon_distutils_commands:/home/user/Documents/dev/internal_ros_ws/src/sync_data/install/debug_tool/lib/python3.10/site-packages:${PYTHONPATH} /usr/bin/python3 -W ignore:setup.py install is deprecated -W ignore:easy_install command is deprecated setup.py egg_info --egg-base build/debug_tool build --build-base /home/user/Documents/dev/internal_ros_ws/src/sync_data/build/debug_tool/build install --record /home/user/Documents/dev/internal_ros_ws/src/sync_data/build/debug_tool/install.log --single-version-externally-managed install_data
