[1.342s] Invoking command in '/home/user/Documents/dev/internal_ros_ws/src/sync_data': PYTHONPATH=/home/user/Documents/dev/internal_ros_ws/src/sync_data/build/debug_tool/prefix_override:/usr/lib/python3/dist-packages/colcon_core/task/python/colcon_distutils_commands:/home/user/Documents/dev/internal_ros_ws/src/sync_data/install/debug_tool/lib/python3.10/site-packages:${PYTHONPATH} /usr/bin/python3 -W ignore:setup.py install is deprecated -W ignore:easy_install command is deprecated setup.py egg_info --egg-base build/debug_tool build --build-base /home/user/Documents/dev/internal_ros_ws/src/sync_data/build/debug_tool/build install --record /home/user/Documents/dev/internal_ros_ws/src/sync_data/build/debug_tool/install.log --single-version-externally-managed install_data
[1.808s] running egg_info
[1.809s] writing build/debug_tool/debug_tool.egg-info/PKG-INFO
[1.810s] writing dependency_links to build/debug_tool/debug_tool.egg-info/dependency_links.txt
[1.810s] writing entry points to build/debug_tool/debug_tool.egg-info/entry_points.txt
[1.811s] writing requirements to build/debug_tool/debug_tool.egg-info/requires.txt
[1.811s] writing top-level names to build/debug_tool/debug_tool.egg-info/top_level.txt
[1.814s] reading manifest file 'build/debug_tool/debug_tool.egg-info/SOURCES.txt'
[1.816s] writing manifest file 'build/debug_tool/debug_tool.egg-info/SOURCES.txt'
[1.816s] running build
[1.816s] running build_py
[1.816s] copying debug_tool/sync_node.py -> /home/user/Documents/dev/internal_ros_ws/src/sync_data/build/debug_tool/build/lib/debug_tool
[1.817s] running install
[1.817s] running install_lib
[1.819s] copying /home/user/Documents/dev/internal_ros_ws/src/sync_data/build/debug_tool/build/lib/debug_tool/sync_node.py -> /home/user/Documents/dev/internal_ros_ws/src/sync_data/install/debug_tool/lib/python3.10/site-packages/debug_tool
[1.820s] byte-compiling /home/user/Documents/dev/internal_ros_ws/src/sync_data/install/debug_tool/lib/python3.10/site-packages/debug_tool/sync_node.py to sync_node.cpython-310.pyc
[1.824s] running install_data
[1.824s] running install_egg_info
[1.828s] removing '/home/user/Documents/dev/internal_ros_ws/src/sync_data/install/debug_tool/lib/python3.10/site-packages/debug_tool-1.0-py3.10.egg-info' (and everything under it)
[1.829s] Copying build/debug_tool/debug_tool.egg-info to /home/user/Documents/dev/internal_ros_ws/src/sync_data/install/debug_tool/lib/python3.10/site-packages/debug_tool-1.0-py3.10.egg-info
[1.830s] running install_scripts
[1.868s] Installing control_svo_node script to /home/user/Documents/dev/internal_ros_ws/src/sync_data/install/debug_tool/lib/debug_tool
[1.869s] Installing sync_node script to /home/user/Documents/dev/internal_ros_ws/src/sync_data/install/debug_tool/lib/debug_tool
[1.869s] writing list of installed files to '/home/user/Documents/dev/internal_ros_ws/src/sync_data/build/debug_tool/install.log'
[1.938s] Invoked command in '/home/user/Documents/dev/internal_ros_ws/src/sync_data' returned '0': PYTHONPATH=/home/user/Documents/dev/internal_ros_ws/src/sync_data/build/debug_tool/prefix_override:/usr/lib/python3/dist-packages/colcon_core/task/python/colcon_distutils_commands:/home/user/Documents/dev/internal_ros_ws/src/sync_data/install/debug_tool/lib/python3.10/site-packages:${PYTHONPATH} /usr/bin/python3 -W ignore:setup.py install is deprecated -W ignore:easy_install command is deprecated setup.py egg_info --egg-base build/debug_tool build --build-base /home/user/Documents/dev/internal_ros_ws/src/sync_data/build/debug_tool/build install --record /home/user/Documents/dev/internal_ros_ws/src/sync_data/build/debug_tool/install.log --single-version-externally-managed install_data
