running egg_info
writing build/debug_tool/debug_tool.egg-info/PKG-INFO
writing dependency_links to build/debug_tool/debug_tool.egg-info/dependency_links.txt
writing entry points to build/debug_tool/debug_tool.egg-info/entry_points.txt
writing requirements to build/debug_tool/debug_tool.egg-info/requires.txt
writing top-level names to build/debug_tool/debug_tool.egg-info/top_level.txt
reading manifest file 'build/debug_tool/debug_tool.egg-info/SOURCES.txt'
writing manifest file 'build/debug_tool/debug_tool.egg-info/SOURCES.txt'
running build
running build_py
copying debug_tool/sync_node.py -> /home/user/Documents/dev/internal_ros_ws/src/sync_data/build/debug_tool/build/lib/debug_tool
running install
running install_lib
copying /home/user/Documents/dev/internal_ros_ws/src/sync_data/build/debug_tool/build/lib/debug_tool/sync_node.py -> /home/user/Documents/dev/internal_ros_ws/src/sync_data/install/debug_tool/lib/python3.10/site-packages/debug_tool
byte-compiling /home/user/Documents/dev/internal_ros_ws/src/sync_data/install/debug_tool/lib/python3.10/site-packages/debug_tool/sync_node.py to sync_node.cpython-310.pyc
running install_data
running install_egg_info
removing '/home/user/Documents/dev/internal_ros_ws/src/sync_data/install/debug_tool/lib/python3.10/site-packages/debug_tool-1.0-py3.10.egg-info' (and everything under it)
Copying build/debug_tool/debug_tool.egg-info to /home/user/Documents/dev/internal_ros_ws/src/sync_data/install/debug_tool/lib/python3.10/site-packages/debug_tool-1.0-py3.10.egg-info
running install_scripts
Installing control_svo_node script to /home/user/Documents/dev/internal_ros_ws/src/sync_data/install/debug_tool/lib/debug_tool
Installing sync_node script to /home/user/Documents/dev/internal_ros_ws/src/sync_data/install/debug_tool/lib/debug_tool
writing list of installed files to '/home/user/Documents/dev/internal_ros_ws/src/sync_data/build/debug_tool/install.log'
